{
  "Cucumber Features": {
    "coverage": {
      "/home/ubuntu/workspace/431/hw3/bdd-tdd-cycle/rottenpotatoes/app/controllers/application_controller.rb": [
        1,
        1,
        null
      ],
      "/home/ubuntu/workspace/431/hw3/bdd-tdd-cycle/rottenpotatoes/app/helpers/application_helper.rb": [
        1,
        null
      ],
      "/home/ubuntu/workspace/431/hw3/bdd-tdd-cycle/rottenpotatoes/app/helpers/movies_helper.rb": [
        1,
        null,
        1,
        0,
        null,
        null
      ],
      "/home/ubuntu/workspace/431/hw3/bdd-tdd-cycle/rottenpotatoes/app/controllers/movies_controller.rb": [
        1,
        null,
        1,
        0,
        0,
        0,
        null,
        0,
        0,
        null,
        null,
        null,
        1,
        3,
        3,
        null,
        null,
        null,
        1,
        0,
        0,
        null,
        0,
        null,
        0,
        null,
        0,
        0,
        null,
        0,
        0,
        null,
        null,
        0,
        0,
        0,
        0,
        null,
        null,
        0,
        0,
        0,
        0,
        0,
        null,
        0,
        null,
        null,
        1,
        null,
        null,
        null,
        1,
        0,
        0,
        0,
        null,
        null,
        1,
        1,
        null,
        null,
        1,
        1,
        1,
        1,
        1,
        null,
        null,
        1,
        0,
        0,
        0,
        0,
        null,
        null,
        null
      ],
      "/home/ubuntu/workspace/431/hw3/bdd-tdd-cycle/rottenpotatoes/app/models/movie.rb": [
        1,
        null,
        1,
        null,
        1,
        0,
        null,
        null,
        null
      ]
    },
    "timestamp": 1459489964
  },
  "RSpec": {
    "coverage": {
      "/home/ubuntu/workspace/431/hw3/bdd-tdd-cycle/rottenpotatoes/app/controllers/application_controller.rb": [
        0,
        0,
        0
      ],
      "/home/ubuntu/workspace/431/hw3/bdd-tdd-cycle/rottenpotatoes/app/controllers/movies_controller.rb": [
        0,
        0,
        0,
        0,
        0,
        0,
        0,
        0,
        0,
        0,
        0,
        0,
        0,
        0,
        0,
        0,
        0,
        0,
        0,
        0,
        0,
        0,
        0,
        0,
        0,
        0,
        0,
        0,
        0,
        0,
        0,
        0,
        0,
        0,
        0,
        0,
        0,
        0,
        0,
        0,
        0,
        0,
        0,
        0,
        0,
        0,
        0,
        0,
        0,
        0,
        0,
        0,
        0,
        0,
        0,
        0,
        0,
        0,
        0,
        0,
        0,
        0,
        0,
        0,
        0,
        0,
        0
      ],
      "/home/ubuntu/workspace/431/hw3/bdd-tdd-cycle/rottenpotatoes/app/helpers/application_helper.rb": [
        0,
        0
      ],
      "/home/ubuntu/workspace/431/hw3/bdd-tdd-cycle/rottenpotatoes/app/helpers/movies_helper.rb": [
        0,
        0,
        0,
        0,
        0,
        0
      ],
      "/home/ubuntu/workspace/431/hw3/bdd-tdd-cycle/rottenpotatoes/app/models/movie.rb": [
        0,
        0,
        0,
        0,
        0,
        0,
        0,
        0,
        0
      ]
    },
    "timestamp": 1459477971
  }
}
